{"/Users/yanzeyu/workspace/next-test/utils/add.js": {"path":"/Users/yanzeyu/workspace/next-test/utils/add.js","all":false,"statementMap":{"0":{"start":{"line":1,"column":0},"end":{"line":1,"column":0}},"1":{"start":{"line":2,"column":0},"end":{"line":2,"column":0}},"2":{"start":{"line":3,"column":0},"end":{"line":3,"column":36}},"3":{"start":{"line":4,"column":0},"end":{"line":4,"column":0}},"4":{"start":{"line":5,"column":0},"end":{"line":5,"column":21}}},"s":{"0":1,"1":1,"2":1,"3":1,"4":1},"branchMap":{"0":{"type":"branch","line":3,"loc":{"start":{"line":3,"column":0},"end":{"line":3,"column":35}},"locations":[{"start":{"line":3,"column":0},"end":{"line":3,"column":35}}]}},"b":{"0":[1]},"fnMap":{"0":{"name":"add","decl":{"start":{"line":3,"column":0},"end":{"line":3,"column":35}},"loc":{"start":{"line":3,"column":0},"end":{"line":3,"column":35}},"line":3}},"f":{"0":1}}
}
